2018-05-04 15:27:21 Error: [PDOException] SQLSTATE[HY000] [1045] Access denied for user 'my_app'@'localhost' (using password: YES) in /home/alunoifpe/Área de Trabalho/heads_up/vendor/cakephp/cakephp/src/Database/Driver.php on line 92
Stack Trace:
#0 /home/alunoifpe/Área de Trabalho/heads_up/vendor/cakephp/cakephp/src/Database/Driver.php(92): PDO->__construct('mysql:host=loca...', 'my_app', 'secret', Array)
#1 /home/alunoifpe/Área de Trabalho/heads_up/vendor/cakephp/cakephp/src/Database/Driver/Mysql.php(103): Cake\Database\Driver->_connect('mysql:host=loca...', Array)
#2 /home/alunoifpe/Área de Trabalho/heads_up/vendor/cakephp/cakephp/src/Database/Schema/BaseSchema.php(45): Cake\Database\Driver\Mysql->connect()
#3 /home/alunoifpe/Área de Trabalho/heads_up/vendor/cakephp/cakephp/src/Database/Dialect/MysqlDialectTrait.php(63): Cake\Database\Schema\BaseSchema->__construct(Object(Cake\Database\Driver\Mysql))
#4 /home/alunoifpe/Área de Trabalho/heads_up/vendor/cakephp/cakephp/src/Database/Schema/Collection.php(52): Cake\Database\Driver\Mysql->schemaDialect()
#5 /home/alunoifpe/Área de Trabalho/heads_up/vendor/cakephp/cakephp/src/Database/Schema/CachedCollection.php(42): Cake\Database\Schema\Collection->__construct(Object(Cake\Database\Connection))
#6 /home/alunoifpe/Área de Trabalho/heads_up/vendor/cakephp/cakephp/src/Database/Connection.php(391): Cake\Database\Schema\CachedCollection->__construct(Object(Cake\Database\Connection), true)
#7 /home/alunoifpe/Área de Trabalho/heads_up/vendor/cakephp/bake/src/Shell/Task/ModelTask.php(1034): Cake\Database\Connection->getSchemaCollection()
#8 /home/alunoifpe/Área de Trabalho/heads_up/vendor/cakephp/bake/src/Shell/Task/ModelTask.php(988): Bake\Shell\Task\ModelTask->_getAllTables()
#9 /home/alunoifpe/Área de Trabalho/heads_up/vendor/cakephp/bake/src/Shell/Task/ModelTask.php(212): Bake\Shell\Task\ModelTask->listAll()
#10 /home/alunoifpe/Área de Trabalho/heads_up/vendor/cakephp/bake/src/Shell/Task/ModelTask.php(130): Bake\Shell\Task\ModelTask->getAssociations(Object(Cake\ORM\Table))
#11 /home/alunoifpe/Área de Trabalho/heads_up/vendor/cakephp/bake/src/Shell/Task/ModelTask.php(113): Bake\Shell\Task\ModelTask->getTableContext(Object(Cake\ORM\Table), 'users', 'Users')
#12 /home/alunoifpe/Área de Trabalho/heads_up/vendor/cakephp/bake/src/Shell/Task/ModelTask.php(100): Bake\Shell\Task\ModelTask->bake('Users')
#13 /home/alunoifpe/Área de Trabalho/heads_up/vendor/cakephp/bake/src/Shell/BakeShell.php(272): Bake\Shell\Task\ModelTask->main('Users')
#14 /home/alunoifpe/Área de Trabalho/heads_up/vendor/cakephp/cakephp/src/Collection/CollectionTrait.php(51): Bake\Shell\BakeShell->Bake\Shell\{closure}('Users', 0)
#15 /home/alunoifpe/Área de Trabalho/heads_up/vendor/cakephp/bake/src/Shell/BakeShell.php(273): Cake\Collection\Collection->each(Object(Closure))
#16 /home/alunoifpe/Área de Trabalho/heads_up/vendor/cakephp/cakephp/src/Console/Shell.php(518): Bake\Shell\BakeShell->all('users')
#17 /home/alunoifpe/Área de Trabalho/heads_up/vendor/cakephp/cakephp/src/Console/CommandRunner.php(339): Cake\Console\Shell->runCommand(Array, true)
#18 /home/alunoifpe/Área de Trabalho/heads_up/vendor/cakephp/cakephp/src/Console/CommandRunner.php(161): Cake\Console\CommandRunner->runShell(Object(Bake\Shell\BakeShell), Array)
#19 /home/alunoifpe/Área de Trabalho/heads_up/bin/cake.php(12): Cake\Console\CommandRunner->run(Array)
#20 {main}


